app/build/intermediates/manifest_merge_blame_file/debug/processDebugMainManifest/manifest-merger-blame-debug-report.txt
1<?xml version="1.0" encoding="utf-8"?>
2<manifest xmlns:android="http://schemas.android.com/apk/res/android"
3    package="com.example.modelviewer"
4    android:versionCode="1"
5    android:versionName="1.0" >
6
7    <uses-sdk
8        android:minSdkVersion="24"
9        android:targetSdkVersion="35" />
10
11    <!-- Filament requires OpenGL ES 3.0 or higher -->
12    <uses-feature
12-->src\main\AndroidManifest.xml:5:5-121
13        android:name="android.hardware.opengles.version"
13-->src\main\AndroidManifest.xml:5:19-67
14        android:required="true"
14-->src\main\AndroidManifest.xml:5:95-118
15        android:value="0x00030000" />
15-->src\main\AndroidManifest.xml:5:68-94
16
17    <!-- Needed to load gltf from network. -->
18    <uses-permission android:name="android.permission.INTERNET" /> <!-- SceneView requires OpenGLES 3.0 or later for 3D rendering. -->
18-->[io.github.sceneview:sceneview:4.15.1] AndroidManifest.xml:8:5-67
18-->[io.github.sceneview:sceneview:4.15.1] AndroidManifest.xml:8:22-64
19    <uses-feature
19-->[io.github.sceneview:sceneview:4.15.1] AndroidManifest.xml:11:5-13:35
20        android:glEsVersion="0x00030000"
20-->[io.github.sceneview:sceneview:4.15.1] AndroidManifest.xml:12:9-41
21        android:required="true" />
21-->[io.github.sceneview:sceneview:4.15.1] AndroidManifest.xml:13:9-32
22
23    <permission
23-->[androidx.core:core:1.16.0] AndroidManifest.xml:22:5-24:47
24        android:name="com.example.modelviewer.DYNAMIC_RECEIVER_NOT_EXPORTED_PERMISSION"
24-->[androidx.core:core:1.16.0] AndroidManifest.xml:23:9-81
25        android:protectionLevel="signature" />
25-->[androidx.core:core:1.16.0] AndroidManifest.xml:24:9-44
26
27    <uses-permission android:name="com.example.modelviewer.DYNAMIC_RECEIVER_NOT_EXPORTED_PERMISSION" />
27-->[androidx.core:core:1.16.0] AndroidManifest.xml:26:5-97
27-->[androidx.core:core:1.16.0] AndroidManifest.xml:26:22-94
28
29    <application
29-->src\main\AndroidManifest.xml:7:5-24:19
30        android:allowBackup="true"
30-->src\main\AndroidManifest.xml:8:9-35
31        android:appComponentFactory="androidx.core.app.CoreComponentFactory"
31-->[androidx.core:core:1.16.0] AndroidManifest.xml:28:18-86
32        android:debuggable="true"
33        android:extractNativeLibs="false"
34        android:hardwareAccelerated="true"
34-->src\main\AndroidManifest.xml:13:9-43
35        android:icon="@android:drawable/sym_def_app_icon"
35-->src\main\AndroidManifest.xml:9:9-58
36        android:label="@string/app_name"
36-->src\main\AndroidManifest.xml:10:9-41
37        android:supportsRtl="true"
37-->src\main\AndroidManifest.xml:11:9-35
38        android:testOnly="true"
39        android:theme="@style/Theme.3DModelViewer" >
39-->src\main\AndroidManifest.xml:12:9-51
40        <activity
40-->src\main\AndroidManifest.xml:14:9-23:20
41            android:name="com.example.modelviewer.MainActivity"
41-->src\main\AndroidManifest.xml:15:13-64
42            android:configChanges="orientation|screenSize|screenLayout|keyboardHidden"
42-->src\main\AndroidManifest.xml:17:13-87
43            android:exported="true"
43-->src\main\AndroidManifest.xml:16:13-36
44            android:theme="@style/Theme.3DModelViewer" >
44-->src\main\AndroidManifest.xml:18:13-55
45            <intent-filter>
45-->src\main\AndroidManifest.xml:19:13-22:29
46                <action android:name="android.intent.action.MAIN" />
46-->src\main\AndroidManifest.xml:20:17-69
46-->src\main\AndroidManifest.xml:20:25-66
47
48                <category android:name="android.intent.category.LAUNCHER" />
48-->src\main\AndroidManifest.xml:21:17-77
48-->src\main\AndroidManifest.xml:21:27-74
49            </intent-filter>
50        </activity>
51        <activity
51-->[androidx.compose.ui:ui-tooling-android:1.11.1] AndroidManifest.xml:23:9-25:39
52            android:name="androidx.compose.ui.tooling.PreviewActivity"
52-->[androidx.compose.ui:ui-tooling-android:1.11.1] AndroidManifest.xml:24:13-71
53            android:exported="true" />
53-->[androidx.compose.ui:ui-tooling-android:1.11.1] AndroidManifest.xml:25:13-36
54        <activity
54-->[androidx.compose.ui:ui-test-manifest:1.11.1] AndroidManifest.xml:23:9-26:79
55            android:name="androidx.activity.ComponentActivity"
55-->[androidx.compose.ui:ui-test-manifest:1.11.1] AndroidManifest.xml:24:13-63
56            android:exported="true"
56-->[androidx.compose.ui:ui-test-manifest:1.11.1] AndroidManifest.xml:25:13-36
57            android:theme="@android:style/Theme.Material.Light.NoActionBar" />
57-->[androidx.compose.ui:ui-test-manifest:1.11.1] AndroidManifest.xml:26:13-76
58
59        <provider
59-->[androidx.emoji2:emoji2:1.4.0] AndroidManifest.xml:24:9-32:20
60            android:name="androidx.startup.InitializationProvider"
60-->[androidx.emoji2:emoji2:1.4.0] AndroidManifest.xml:25:13-67
61            android:authorities="com.example.modelviewer.androidx-startup"
61-->[androidx.emoji2:emoji2:1.4.0] AndroidManifest.xml:26:13-68
62            android:exported="false" >
62-->[androidx.emoji2:emoji2:1.4.0] AndroidManifest.xml:27:13-37
63            <meta-data
63-->[androidx.emoji2:emoji2:1.4.0] AndroidManifest.xml:29:13-31:52
64                android:name="androidx.emoji2.text.EmojiCompatInitializer"
64-->[androidx.emoji2:emoji2:1.4.0] AndroidManifest.xml:30:17-75
65                android:value="androidx.startup" />
65-->[androidx.emoji2:emoji2:1.4.0] AndroidManifest.xml:31:17-49
66            <meta-data
66-->[androidx.lifecycle:lifecycle-process:2.9.4] AndroidManifest.xml:29:13-31:52
67                android:name="androidx.lifecycle.ProcessLifecycleInitializer"
67-->[androidx.lifecycle:lifecycle-process:2.9.4] AndroidManifest.xml:30:17-78
68                android:value="androidx.startup" />
68-->[androidx.lifecycle:lifecycle-process:2.9.4] AndroidManifest.xml:31:17-49
69            <meta-data
69-->[androidx.profileinstaller:profileinstaller:1.4.0] AndroidManifest.xml:29:13-31:52
70                android:name="androidx.profileinstaller.ProfileInstallerInitializer"
70-->[androidx.profileinstaller:profileinstaller:1.4.0] AndroidManifest.xml:30:17-85
71                android:value="androidx.startup" />
71-->[androidx.profileinstaller:profileinstaller:1.4.0] AndroidManifest.xml:31:17-49
72        </provider>
73
74        <uses-library
74-->[androidx.window:window:1.5.0] AndroidManifest.xml:23:9-25:40
75            android:name="androidx.window.extensions"
75-->[androidx.window:window:1.5.0] AndroidManifest.xml:24:13-54
76            android:required="false" />
76-->[androidx.window:window:1.5.0] AndroidManifest.xml:25:13-37
77        <uses-library
77-->[androidx.window:window:1.5.0] AndroidManifest.xml:26:9-28:40
78            android:name="androidx.window.sidecar"
78-->[androidx.window:window:1.5.0] AndroidManifest.xml:27:13-51
79            android:required="false" />
79-->[androidx.window:window:1.5.0] AndroidManifest.xml:28:13-37
80
81        <receiver
81-->[androidx.profileinstaller:profileinstaller:1.4.0] AndroidManifest.xml:34:9-52:20
82            android:name="androidx.profileinstaller.ProfileInstallReceiver"
82-->[androidx.profileinstaller:profileinstaller:1.4.0] AndroidManifest.xml:35:13-76
83            android:directBootAware="false"
83-->[androidx.profileinstaller:profileinstaller:1.4.0] AndroidManifest.xml:36:13-44
84            android:enabled="true"
84-->[androidx.profileinstaller:profileinstaller:1.4.0] AndroidManifest.xml:37:13-35
85            android:exported="true"
85-->[androidx.profileinstaller:profileinstaller:1.4.0] AndroidManifest.xml:38:13-36
86            android:permission="android.permission.DUMP" >
86-->[androidx.profileinstaller:profileinstaller:1.4.0] AndroidManifest.xml:39:13-57
87            <intent-filter>
87-->[androidx.profileinstaller:profileinstaller:1.4.0] AndroidManifest.xml:40:13-42:29
88                <action android:name="androidx.profileinstaller.action.INSTALL_PROFILE" />
88-->[androidx.profileinstaller:profileinstaller:1.4.0] AndroidManifest.xml:41:17-91
88-->[androidx.profileinstaller:profileinstaller:1.4.0] AndroidManifest.xml:41:25-88
89            </intent-filter>
90            <intent-filter>
90-->[androidx.profileinstaller:profileinstaller:1.4.0] AndroidManifest.xml:43:13-45:29
91                <action android:name="androidx.profileinstaller.action.SKIP_FILE" />
91-->[androidx.profileinstaller:profileinstaller:1.4.0] AndroidManifest.xml:44:17-85
91-->[androidx.profileinstaller:profileinstaller:1.4.0] AndroidManifest.xml:44:25-82
92            </intent-filter>
93            <intent-filter>
93-->[androidx.profileinstaller:profileinstaller:1.4.0] AndroidManifest.xml:46:13-48:29
94                <action android:name="androidx.profileinstaller.action.SAVE_PROFILE" />
94-->[androidx.profileinstaller:profileinstaller:1.4.0] AndroidManifest.xml:47:17-88
94-->[androidx.profileinstaller:profileinstaller:1.4.0] AndroidManifest.xml:47:25-85
95            </intent-filter>
96            <intent-filter>
96-->[androidx.profileinstaller:profileinstaller:1.4.0] AndroidManifest.xml:49:13-51:29
97                <action android:name="androidx.profileinstaller.action.BENCHMARK_OPERATION" />
97-->[androidx.profileinstaller:profileinstaller:1.4.0] AndroidManifest.xml:50:17-95
97-->[androidx.profileinstaller:profileinstaller:1.4.0] AndroidManifest.xml:50:25-92
98            </intent-filter>
99        </receiver>
100    </application>
101
102</manifest>